*** Using Compiler 'V6.21', folder: 'C:\Keil_v5\ARM\ARMCLANG\Bin'
Build target 'Zhang-FOC'
compiling tim.c...
compiling gpio.c...
compiling spi.c...
compiling fdcan.c...
compiling usart.c...
compiling adc.c...
compiling main.c...
compiling stm32g4xx_ll_adc.c...
compiling stm32g4xx_it.c...
compiling stm32g4xx_hal_msp.c...
compiling stm32g4xx_hal.c...
compiling stm32g4xx_hal_rcc.c...
compiling stm32g4xx_hal_adc_ex.c...
compiling stm32g4xx_hal_adc.c...
compiling stm32g4xx_hal_flash.c...
compiling stm32g4xx_hal_rcc_ex.c...
compiling stm32g4xx_hal_flash_ex.c...
compiling stm32g4xx_hal_flash_ramfunc.c...
compiling stm32g4xx_hal_gpio.c...
compiling stm32g4xx_hal_exti.c...
compiling stm32g4xx_hal_dma.c...
compiling stm32g4xx_hal_dma_ex.c...
compiling stm32g4xx_hal_pwr.c...
compiling stm32g4xx_hal_pwr_ex.c...
compiling stm32g4xx_hal_cortex.c...
compiling stm32g4xx_hal_spi_ex.c...
compiling stm32g4xx_hal_fdcan.c...
compiling stm32g4xx_hal_spi.c...
compiling bsp_adc.c...
compiling stm32g4xx_hal_uart_ex.c...
compiling system_stm32g4xx.c...
compiling stm32g4xx_hal_tim_ex.c...
compiling bsp_can.c...
compiling bsp_flash.c...
compiling bsp_gpio.c...
compiling stm32g4xx_hal_uart.c...
compiling bsp_pwm.c...
compiling bsp_spi.c...
compiling bsp_usart.c...
compiling stm32g4xx_hal_tim.c...
compiling vofa.c...
compiling led.c...
compiling pm_motor.c...
compiling motor_task.c...
compiling mt6816_encoder.c...
compiling bsp_delay.c...
compiling pid.c...
linking...
Program Size: Code=23878 RO-data=570 RW-data=12 ZI-data=1716  
FromELF: creating hex file...
"Zhang-FOC\Zhang-FOC.axf" - 0 Error(s), 0 Warning(s).
Build Time Elapsed:  00:00:04
